name: run1
run_id: commands[0]
env COMSPEC: C:\WINDOWS\system32\cmd.exe
env NUMBER_OF_PROCESSORS: 8
env PATHEXT: .COM;.EXE;.BAT;.CMD;.VBS;.VBE;.JS;.JSE;.WSF;.WSH;.MSC;.CPL
env PROCESSOR_ARCHITECTURE: AMD64
env PROGRAMDATA: C:\ProgramData
env PROGRAMFILES: C:\Program Files
env PROGRAMFILES(X86): C:\Program Files (x86)
env SYSTEMDRIVE: C:
env SYSTEMROOT: C:\WINDOWS
env TEMP: C:\Users\sivar\AppData\Local\Temp
env TMP: C:\Users\sivar\AppData\Local\Temp
env USERPROFILE: C:\Users\sivar
env LANG: en_US.UTF-8
env PATH: D:\MLops\MLOps\model-serving-api\house-prices-api\.tox\test_app\Scripts;C:\Program Files\MinGW\bin;C:\Program Files\Common Files\Oracle\Java\javapath;C:\WINDOWS\system32;C:\WINDOWS;C:\WINDOWS\System32\Wbem;C:\WINDOWS\System32\WindowsPowerShell\v1.0\;C:\WINDOWS\System32\OpenSSH\;C:\Symantec\VIP Access Client\;C:\Program Files\Java\jdk-16.0.1\bin;C:\Program Files\Docker\Docker\resources\bin;C:\ProgramData\DockerDesktop\version-bin;C:\Program Files\MATLAB\R2021b\bin;C:\Program Files\Git\cmd;C:\Users\sivar\AppData\Local\activestate\cache\bin;C:\Users\sivar\AppData\Local\ActiveState\StateTool\release\bin;C:\Program Files\MySQL\MySQL Shell 8.0\bin\;C:\Python\Python395\Scripts\;C:\Python\Python395\;C:\Users\sivar\AppData\Local\Microsoft\WindowsApps;C:\Users\sivar\AppData\Local\atom\bin;C:\Users\sivar\AppData\Local\Programs\MiKTeX\miktex\bin\x64\;C:\Users\sivar\AppData\Local\Programs\Microsoft VS Code\bin;C:\Users\sivar\AppData\Local\GitHubDesktop\bin
env PYTHONHASHSEED: 805
env PIP_DISABLE_PIP_VERSION_CHECK: 1
env PYTHONIOENCODING: utf-8
env PYTHONPATH: .
env TOX_ENV_NAME: run1
env TOX_WORK_DIR: D:\MLops\MLOps\model-serving-api\house-prices-api\.tox
env TOX_ENV_DIR: D:\MLops\MLOps\model-serving-api\house-prices-api\.tox\test_app
env VIRTUAL_ENV: D:\MLops\MLOps\model-serving-api\house-prices-api\.tox\test_app
env COLUMNS: 151
env LINES: 17
metadata pid: 14224
cwd: D:\MLops\MLOps\model-serving-api\house-prices-api
allow: D:\MLops\MLOps\model-serving-api\house-prices-api\.tox\test_app\Scripts\*
cmd: python app/main.py
exit_code: 0

standard error:
D:\MLops\MLOps\model-serving-api\house-prices-api\.tox\test_app\lib\site-packages\sklearn\base.py:299: UserWarning: Trying to unpickle estimator Binarizer from version 1.2.0 when using version 1.2.1. This might lead to breaking code or invalid results. Use at your own risk. For more info please refer to:
https://scikit-learn.org/stable/model_persistence.html#security-maintainability-limitations
  warnings.warn(
D:\MLops\MLOps\model-serving-api\house-prices-api\.tox\test_app\lib\site-packages\sklearn\base.py:299: UserWarning: Trying to unpickle estimator MinMaxScaler from version 1.2.0 when using version 1.2.1. This might lead to breaking code or invalid results. Use at your own risk. For more info please refer to:
https://scikit-learn.org/stable/model_persistence.html#security-maintainability-limitations
  warnings.warn(
D:\MLops\MLOps\model-serving-api\house-prices-api\.tox\test_app\lib\site-packages\sklearn\base.py:299: UserWarning: Trying to unpickle estimator Lasso from version 1.2.0 when using version 1.2.1. This might lead to breaking code or invalid results. Use at your own risk. For more info please refer to:
https://scikit-learn.org/stable/model_persistence.html#security-maintainability-limitations
  warnings.warn(
D:\MLops\MLOps\model-serving-api\house-prices-api\.tox\test_app\lib\site-packages\sklearn\base.py:299: UserWarning: Trying to unpickle estimator Pipeline from version 1.2.0 when using version 1.2.1. This might lead to breaking code or invalid results. Use at your own risk. For more info please refer to:
https://scikit-learn.org/stable/model_persistence.html#security-maintainability-limitations
  warnings.warn(
2023-02-18 11:59:22.808 | WARNING  | __main__:<module>:55 - Running in development mode. Do not run like this in production.
INFO:     Started server process [14328]
INFO:     Waiting for application startup.
INFO:     Application startup complete.
INFO:     Uvicorn running on http://localhost:8001 (Press CTRL+C to quit)
INFO:     Shutting down
INFO:     Waiting for application shutdown.
INFO:     Application shutdown complete.
INFO:     Finished server process [14328]
